<?xml version="1.0" encoding="UTF-8" ?>
<testsuite 
errors="0" failures="0" hostname="yaowanxins-MacBook-Pro.local" name="AppCrawler_0" tests="5" time="0.044" timestamp="2017-02-09T20:09:20">
  <properties>
[...]
</properties>
  <testcase 
  name="clickedIndex=0 xpath=startupActions-swipe(&quot;left&quot;)-0" classname="AppCrawler_0" time="0.018">
</testcase>
  <testcase 
  name="clickedIndex=1 xpath=startupActions-swipe(&quot;left&quot;)-1" classname="AppCrawler_0" time="0.0">
</testcase>
  <testcase 
  name="clickedIndex=2 xpath=startupActions-swipe(&quot;down&quot;)-2" classname="AppCrawler_0" time="0.002">
</testcase>
  <testcase 
  name="clickedIndex=3 xpath=startupActions-println(driver)-3" classname="AppCrawler_0" time="0.0">
</testcase>
  <testcase 
  name="clickedIndex=4 xpath=//UIAApplication[@label=&quot;autoTest&quot;]/UIAWindow/UIAButton[@label=&quot;test&quot;]" classname="AppCrawler_0" time="0.0">
</testcase>
  <system-out><![CDATA[]]></system-out>
  <system-err><![CDATA[]]></system-err>
</testsuite>
